[0903/153228.977:INFO:CONSOLE(0)] "Error with Permissions-Policy header: Feature xr-spatial-tracking's parameters are ignored.", source:  (0)
[0903/153228.977:INFO:CONSOLE(0)] "Error with Permissions-Policy header: Origin trial controlled feature not enabled: 'attribution-reporting'.", source:  (0)
[0903/153228.977:INFO:CONSOLE(0)] "Error with Permissions-Policy header: Unrecognized feature: 'bluetooth'.", source:  (0)
[0903/153228.978:INFO:CONSOLE(0)] "Error with Permissions-Policy header: Unrecognized feature: 'ch-save-data'.", source:  (0)
[0903/153228.978:INFO:CONSOLE(0)] "Error with Permissions-Policy header: Origin trial controlled feature not enabled: 'ch-viewport-height'.", source:  (0)
[0903/153228.978:INFO:CONSOLE(0)] "Error with Permissions-Policy header: Unrecognized feature: 'compute-pressure'.", source:  (0)
[0903/153228.978:INFO:CONSOLE(0)] "Error with Permissions-Policy header: Unrecognized feature: 'gamepad'.", source:  (0)
[0903/153228.978:INFO:CONSOLE(0)] "Error with Permissions-Policy header: Unrecognized feature: 'interest-cohort'.", source:  (0)
[0903/153228.978:INFO:CONSOLE(0)] "Error with Permissions-Policy header: Unrecognized feature: 'local-fonts'.", source:  (0)
[0903/153228.978:INFO:CONSOLE(0)] "Error with Permissions-Policy header: Unrecognized feature: 'private-state-token-issuance'.", source:  (0)
[0903/153228.978:INFO:CONSOLE(0)] "Error with Permissions-Policy header: Unrecognized feature: 'shared-storage'.", source:  (0)
[0903/153228.978:INFO:CONSOLE(0)] "Error with Permissions-Policy header: Unrecognized feature: 'shared-storage-select-url'.", source:  (0)
[0903/153228.978:INFO:CONSOLE(0)] "Error with Permissions-Policy header: Unrecognized feature: 'private-state-token-redemption'.", source:  (0)
[0903/153228.979:INFO:CONSOLE(0)] "Error with Permissions-Policy header: Unrecognized feature: 'unload'.", source:  (0)
[0903/153228.979:INFO:CONSOLE(0)] "Error with Permissions-Policy header: Unrecognized feature: 'window-management'.", source:  (0)
[0903/153230.978:INFO:CONSOLE(150)] "Event handler of 'x-storagemutated-1' event must be added on the initial evaluation of worker script.", source: https://static.whatsapp.net/rsrc.php/v3/yP/r/h7F7InfnF3R.js?_nc_x=Ij3Wp8lg5Kz (150)
[0903/153231.986:INFO:CONSOLE(342)] "WAWebLoggerWorker initialized", source: https://static.whatsapp.net/rsrc.php/v3/yC/r/HVZpyiS0hNI.js?_nc_x=Ij3Wp8lg5Kz (342)
[0903/153231.986:INFO:CONSOLE(342)] "[storage] start setSchemaVersions from fts worker interface", source: https://static.whatsapp.net/rsrc.php/v3/yC/r/HVZpyiS0hNI.js?_nc_x=Ij3Wp8lg5Kz (342)
[0903/153231.986:INFO:CONSOLE(342)] "[storage] set schema versions: [model-storage,158,fts-storage,8,jobs-storage,1,lru-media-storage-idb,2,offd-storage,4,qpl-storage,0,signal-storage,6,worker-storage,1,sw,2,wawc,14,wawc_db_enc,2]. is worker? true", source: https://static.whatsapp.net/rsrc.php/v3/yC/r/HVZpyiS0hNI.js?_nc_x=Ij3Wp8lg5Kz (342)
[0903/153302.878:INFO:CONSOLE(342)] "FTS:Delegate: start indexer", source: https://static.whatsapp.net/rsrc.php/v3/yC/r/HVZpyiS0hNI.js?_nc_x=Ij3Wp8lg5Kz (342)
[0903/153302.878:INFO:CONSOLE(342)] "FTS:Delegate: start perform init", source: https://static.whatsapp.net/rsrc.php/v3/yC/r/HVZpyiS0hNI.js?_nc_x=Ij3Wp8lg5Kz (342)
[0903/153302.878:INFO:CONSOLE(342)] "FTS:Delegate: schema versions ready", source: https://static.whatsapp.net/rsrc.php/v3/yC/r/HVZpyiS0hNI.js?_nc_x=Ij3Wp8lg5Kz (342)
[0903/153302.878:INFO:CONSOLE(342)] "FTS:Delegate: before db initialization", source: https://static.whatsapp.net/rsrc.php/v3/yC/r/HVZpyiS0hNI.js?_nc_x=Ij3Wp8lg5Kz (342)
[0903/153304.962:INFO:CONSOLE(342)] "FTS:Delegate: after db initialization", source: https://static.whatsapp.net/rsrc.php/v3/yC/r/HVZpyiS0hNI.js?_nc_x=Ij3Wp8lg5Kz (342)
[0903/153304.964:INFO:CONSOLE(342)] "FTS:Manifest Writer: Set current version to ['3.1', '1']", source: https://static.whatsapp.net/rsrc.php/v3/yC/r/HVZpyiS0hNI.js?_nc_x=Ij3Wp8lg5Kz (342)
[0903/153304.964:INFO:CONSOLE(342)] "FTS:Delegate: Inited", source: https://static.whatsapp.net/rsrc.php/v3/yC/r/HVZpyiS0hNI.js?_nc_x=Ij3Wp8lg5Kz (342)
[0903/153304.964:INFO:CONSOLE(342)] "FTS:Delegate: Init indexing ops", source: https://static.whatsapp.net/rsrc.php/v3/yC/r/HVZpyiS0hNI.js?_nc_x=Ij3Wp8lg5Kz (342)
[0903/153304.964:INFO:CONSOLE(342)] "FTS:Indexer:indexQueuedBatch: Starting new batch size : 1000", source: https://static.whatsapp.net/rsrc.php/v3/yC/r/HVZpyiS0hNI.js?_nc_x=Ij3Wp8lg5Kz (342)
[0903/153304.964:INFO:CONSOLE(342)] "Current message batch is from entry 0 of 4...", source: https://static.whatsapp.net/rsrc.php/v3/yC/r/HVZpyiS0hNI.js?_nc_x=Ij3Wp8lg5Kz (342)
[0903/153304.964:INFO:CONSOLE(342)] "Finished batch from entry 0 of 4. (Took 2.1000000005587935 msec)", source: https://static.whatsapp.net/rsrc.php/v3/yC/r/HVZpyiS0hNI.js?_nc_x=Ij3Wp8lg5Kz (342)
[0903/153308.012:INFO:CONSOLE(342)] "FTS:Indexer:indexQueuedBatch: Completed", source: https://static.whatsapp.net/rsrc.php/v3/yC/r/HVZpyiS0hNI.js?_nc_x=Ij3Wp8lg5Kz (342)
[0903/153308.066:INFO:CONSOLE(342)] "FTS:Indexer:indexQueuedBatch: Starting new batch size : 1000", source: https://static.whatsapp.net/rsrc.php/v3/yC/r/HVZpyiS0hNI.js?_nc_x=Ij3Wp8lg5Kz (342)
[0903/153320.117:INFO:CONSOLE(342)] "FTS:Indexer:indexQueuedBatch: Completed batch", source: https://static.whatsapp.net/rsrc.php/v3/yC/r/HVZpyiS0hNI.js?_nc_x=Ij3Wp8lg5Kz (342)
[0903/153320.151:INFO:CONSOLE(342)] "FTS:Indexer:indexQueuedBatch: Completed", source: https://static.whatsapp.net/rsrc.php/v3/yC/r/HVZpyiS0hNI.js?_nc_x=Ij3Wp8lg5Kz (342)
[0903/153342.037:INFO:CONSOLE(342)] "FTS:Indexer:indexQueuedBatch: Starting new batch size : 1000", source: https://static.whatsapp.net/rsrc.php/v3/yC/r/HVZpyiS0hNI.js?_nc_x=Ij3Wp8lg5Kz (342)
[0903/153430.361:INFO:CONSOLE(342)] "FTS:Indexer:indexQueuedBatch: Completed batch", source: https://static.whatsapp.net/rsrc.php/v3/yC/r/HVZpyiS0hNI.js?_nc_x=Ij3Wp8lg5Kz (342)
[0903/153517.451:INFO:CONSOLE(342)] "FTS:Indexer:indexQueuedBatch: Completed batch", source: https://static.whatsapp.net/rsrc.php/v3/yC/r/HVZpyiS0hNI.js?_nc_x=Ij3Wp8lg5Kz (342)
[0903/153610.572:INFO:CONSOLE(342)] "FTS:Indexer:indexQueuedBatch: Completed batch", source: https://static.whatsapp.net/rsrc.php/v3/yC/r/HVZpyiS0hNI.js?_nc_x=Ij3Wp8lg5Kz (342)
